From github.com:kowcomical/CM_Power_Website
   ef53714..ddcb68a  master     -> origin/master
Updating ef53714..ddcb68a
Fast-forward
 line_chart.py         | 2 +-
 stacked_area_chart.py | 2 +-
 2 files changed, 2 insertions(+), 2 deletions(-)
[master 61a7a8f] Automated commit
 171 files changed, 5409 insertions(+), 4082 deletions(-)
 create mode 100644 log/daily_process/2023/10/nohup-2023-10-27.out
 rewrite tools/line_chart/coal.json (61%)
 rewrite tools/line_chart/fossil.json (66%)
 rewrite tools/line_chart/gas.json (67%)
 rewrite tools/line_chart/hydro.json (65%)
 rewrite tools/line_chart/oil.json (60%)
 rewrite tools/line_chart/other.json (61%)
 rewrite tools/line_chart/renewables.json (68%)
 rewrite tools/line_chart/solar.json (62%)
 rewrite tools/line_chart/total.json (66%)
 rewrite tools/line_chart/wind.json (63%)
 rewrite tools/stacked_area_chart/Fossil.json (64%)
 rewrite tools/stacked_area_chart/Nuclear.json (68%)
 rewrite tools/stacked_area_chart/Renewables.json (64%)
remote: This repository moved. Please use the new location:        
remote:   git@github.com:KowComical/CM_Power_Website.git        
remote: To git@github.com:kowcomical/CM_Power_Website.git
   ddcb68a..61a7a8f  master -> master
Changes pulled and pushed successfully.
