Already up-to-date.
[master 544cc28] Automated commit
 172 files changed, 8689 insertions(+), 8504 deletions(-)
 create mode 100644 log/daily_process/2023/10/nohup-2023-10-30.out
 rewrite tools/line_chart/fossil.json (62%)
 rewrite tools/line_chart/gas.json (66%)
 rewrite tools/line_chart/hydro.json (65%)
 rewrite tools/line_chart/other.json (62%)
 rewrite tools/line_chart/renewables.json (70%)
 rewrite tools/line_chart/solar.json (61%)
 rewrite tools/line_chart/total.json (66%)
 rewrite tools/line_chart/wind.json (66%)
 rewrite tools/stacked_area_chart/Fossil.json (64%)
 rewrite tools/stacked_area_chart/Nuclear.json (62%)
 rewrite tools/stacked_area_chart/Renewables.json (62%)
remote: This repository moved. Please use the new location:        
remote:   git@github.com:KowComical/CM_Power_Website.git        
remote: To git@github.com:kowcomical/CM_Power_Website.git
   d68285c..544cc28  master -> master
Changes pulled and pushed successfully.
