From github.com:kowcomical/CM_Power_Website
   14411bc..086f4d5  master     -> origin/master
Auto-merging app.py
Merge made by the 'recursive' strategy.
 .streamlit/pages.toml |  2 +-
 app.py                | 14 +++++++++++---
 2 files changed, 12 insertions(+), 4 deletions(-)
[master b1274d7] Automated commit
 150 files changed, 4619 insertions(+), 4424 deletions(-)
 create mode 100644 log/daily_process/2023/10/nohup-2023-10-22.out
 rewrite tools/line_chart/coal.json (62%)
 rewrite tools/line_chart/fossil.json (62%)
 rewrite tools/line_chart/gas.json (63%)
 rewrite tools/line_chart/hydro.json (65%)
 rewrite tools/line_chart/other.json (61%)
 rewrite tools/line_chart/renewables.json (69%)
 rewrite tools/line_chart/solar.json (61%)
 rewrite tools/line_chart/total.json (63%)
 rewrite tools/line_chart/wind.json (67%)
 rewrite tools/stacked_area_chart/Fossil.json (70%)
 rewrite tools/stacked_area_chart/Nuclear.json (67%)
 rewrite tools/stacked_area_chart/Renewables.json (67%)
remote: This repository moved. Please use the new location:        
remote:   git@github.com:KowComical/CM_Power_Website.git        
remote: To git@github.com:kowcomical/CM_Power_Website.git
   086f4d5..b1274d7  master -> master
Changes pulled and pushed successfully.
