Already up-to-date.
[master 2481b30] Automated commit
 172 files changed, 3362 insertions(+), 3145 deletions(-)
 create mode 100644 log/daily_process/2023/10/nohup-2023-10-24.out
 rewrite tools/line_chart/coal.json (65%)
 rewrite tools/line_chart/fossil.json (66%)
 rewrite tools/line_chart/gas.json (68%)
 rewrite tools/line_chart/hydro.json (63%)
 rewrite tools/line_chart/other.json (61%)
 rewrite tools/line_chart/renewables.json (69%)
 rewrite tools/line_chart/total.json (66%)
 rewrite tools/line_chart/wind.json (66%)
 rewrite tools/stacked_area_chart/Fossil.json (70%)
 rewrite tools/stacked_area_chart/Nuclear.json (67%)
 rewrite tools/stacked_area_chart/Renewables.json (68%)
remote: This repository moved. Please use the new location:        
remote:   git@github.com:KowComical/CM_Power_Website.git        
remote: To git@github.com:kowcomical/CM_Power_Website.git
   f216d71..2481b30  master -> master
Changes pulled and pushed successfully.
