Already up-to-date.
[master 5cc8438] Automated commit
 150 files changed, 4749 insertions(+), 4553 deletions(-)
 create mode 100644 log/daily_process/2023/10/nohup-2023-10-25.out
 rewrite tools/line_chart/coal.json (61%)
 rewrite tools/line_chart/fossil.json (61%)
 rewrite tools/line_chart/gas.json (67%)
 rewrite tools/line_chart/hydro.json (65%)
 rewrite tools/line_chart/oil.json (60%)
 rewrite tools/line_chart/other.json (64%)
 rewrite tools/line_chart/renewables.json (69%)
 rewrite tools/line_chart/solar.json (62%)
 rewrite tools/line_chart/total.json (67%)
 rewrite tools/line_chart/wind.json (66%)
 rewrite tools/stacked_area_chart/Fossil.json (67%)
 rewrite tools/stacked_area_chart/Nuclear.json (68%)
 rewrite tools/stacked_area_chart/Renewables.json (69%)
remote: This repository moved. Please use the new location:        
remote:   git@github.com:KowComical/CM_Power_Website.git        
remote: To git@github.com:kowcomical/CM_Power_Website.git
   2481b30..5cc8438  master -> master
Changes pulled and pushed successfully.
