From github.com:kowcomical/CM_Power_Website
   a490398..14411bc  master     -> origin/master
error: Your local changes to the following files would be overwritten by merge:
	app.py
Please, commit your changes or stash them before you can merge.
Aborting
Updating a490398..14411bc
[master ec52c31] Automated commit
 172 files changed, 5495 insertions(+), 5295 deletions(-)
 create mode 100644 log/daily_process/2023/10/nohup-2023-10-21.out
 rewrite tools/line_chart/coal.json (62%)
 rewrite tools/line_chart/fossil.json (66%)
 rewrite tools/line_chart/gas.json (67%)
 rewrite tools/line_chart/hydro.json (65%)
 rewrite tools/line_chart/oil.json (60%)
 rewrite tools/line_chart/other.json (62%)
 rewrite tools/line_chart/solar.json (62%)
 rewrite tools/line_chart/total.json (66%)
 rewrite tools/line_chart/wind.json (66%)
 rewrite tools/stacked_area_chart/Fossil.json (66%)
 rewrite tools/stacked_area_chart/Nuclear.json (68%)
 rewrite tools/stacked_area_chart/Renewables.json (68%)
To git@github.com:kowcomical/CM_Power_Website.git
 ! [rejected]        master -> master (non-fast-forward)
error: failed to push some refs to 'git@github.com:kowcomical/CM_Power_Website.git'
hint: Updates were rejected because the tip of your current branch is behind
hint: its remote counterpart. Merge the remote changes (e.g. 'git pull')
hint: before pushing again.
hint: See the 'Note about fast-forwards' in 'git push --help' for details.
Changes pulled and pushed successfully.
