Already up-to-date.
[master d0870aa] Automated commit
 174 files changed, 11139 insertions(+), 10989 deletions(-)
 create mode 100644 log/daily_process/2023/10/nohup-2023-10-28.out
 rewrite tools/line_chart/fossil.json (65%)
 rewrite tools/line_chart/gas.json (65%)
 rewrite tools/line_chart/hydro.json (65%)
 rewrite tools/line_chart/other.json (65%)
 rewrite tools/line_chart/renewables.json (69%)
 rewrite tools/line_chart/solar.json (60%)
 rewrite tools/line_chart/total.json (65%)
 rewrite tools/line_chart/wind.json (66%)
 rewrite tools/stacked_area_chart/Fossil.json (65%)
 rewrite tools/stacked_area_chart/Nuclear.json (64%)
 rewrite tools/stacked_area_chart/Renewables.json (64%)
remote: This repository moved. Please use the new location:        
remote:   git@github.com:KowComical/CM_Power_Website.git        
remote: To git@github.com:kowcomical/CM_Power_Website.git
   be7c321..d0870aa  master -> master
Changes pulled and pushed successfully.
