Already up-to-date.
[master d68285c] Automated commit
 171 files changed, 5121 insertions(+), 4966 deletions(-)
 create mode 100644 log/daily_process/2023/10/nohup-2023-10-29.out
 rewrite tools/line_chart/fossil.json (62%)
 rewrite tools/line_chart/gas.json (62%)
 rewrite tools/line_chart/hydro.json (60%)
 rewrite tools/line_chart/other.json (63%)
 rewrite tools/line_chart/renewables.json (65%)
 rewrite tools/line_chart/solar.json (60%)
 rewrite tools/line_chart/total.json (66%)
 rewrite tools/line_chart/wind.json (66%)
 rewrite tools/stacked_area_chart/Fossil.json (66%)
 rewrite tools/stacked_area_chart/Nuclear.json (67%)
 rewrite tools/stacked_area_chart/Renewables.json (65%)
remote: This repository moved. Please use the new location:        
remote:   git@github.com:KowComical/CM_Power_Website.git        
remote: To git@github.com:kowcomical/CM_Power_Website.git
   3cf4ab2..d68285c  master -> master
Changes pulled and pushed successfully.
