From github.com:kowcomical/CM_Power_Website
   5cc8438..39206bc  master     -> origin/master
Updating 5cc8438..39206bc
Fast-forward
 data/data_description.csv | 4 ++--
 1 file changed, 2 insertions(+), 2 deletions(-)
[master ebb893e] Automated commit
 172 files changed, 5939 insertions(+), 5450 deletions(-)
 create mode 100644 log/daily_process/2023/10/nohup-2023-10-26.out
 rewrite tools/line_chart/coal.json (65%)
 rewrite tools/line_chart/fossil.json (62%)
 rewrite tools/line_chart/gas.json (67%)
 rewrite tools/line_chart/hydro.json (64%)
 rewrite tools/line_chart/oil.json (60%)
 rewrite tools/line_chart/other.json (65%)
 rewrite tools/line_chart/renewables.json (69%)
 rewrite tools/line_chart/solar.json (61%)
 rewrite tools/line_chart/total.json (67%)
 rewrite tools/line_chart/wind.json (67%)
 rewrite tools/stacked_area_chart/Fossil.json (68%)
 rewrite tools/stacked_area_chart/Nuclear.json (68%)
 rewrite tools/stacked_area_chart/Renewables.json (69%)
remote: This repository moved. Please use the new location:        
remote:   git@github.com:KowComical/CM_Power_Website.git        
remote: To git@github.com:kowcomical/CM_Power_Website.git
   39206bc..ebb893e  master -> master
Changes pulled and pushed successfully.
