Already up-to-date.
[master 9e87787] Automated commit
 172 files changed, 4855 insertions(+), 4682 deletions(-)
 create mode 100644 log/daily_process/2023/11/nohup-2023-11-07.out
 rewrite tools/line_chart/fossil.json (62%)
 rewrite tools/line_chart/gas.json (64%)
 rewrite tools/line_chart/hydro.json (64%)
 rewrite tools/line_chart/other.json (61%)
 rewrite tools/line_chart/renewables.json (69%)
 rewrite tools/line_chart/solar.json (62%)
 rewrite tools/line_chart/total.json (66%)
 rewrite tools/line_chart/wind.json (63%)
 rewrite tools/stacked_area_chart/Fossil.json (64%)
 rewrite tools/stacked_area_chart/Nuclear.json (65%)
 rewrite tools/stacked_area_chart/Renewables.json (64%)
remote: This repository moved. Please use the new location:        
remote:   git@github.com:KowComical/CM_Power_Website.git        
remote: To git@github.com:kowcomical/CM_Power_Website.git
   86b27b5..9e87787  master -> master
Changes pulled and pushed successfully.
