Already up-to-date.
[master e358e88] Automated commit
 172 files changed, 6467 insertions(+), 6281 deletions(-)
 create mode 100644 log/daily_process/2023/11/nohup-2023-11-12.out
 rewrite tools/line_chart/fossil.json (62%)
 rewrite tools/line_chart/gas.json (65%)
 rewrite tools/line_chart/hydro.json (62%)
 rewrite tools/line_chart/other.json (61%)
 rewrite tools/line_chart/renewables.json (69%)
 rewrite tools/line_chart/solar.json (62%)
 rewrite tools/line_chart/total.json (66%)
 rewrite tools/line_chart/wind.json (66%)
 rewrite tools/stacked_area_chart/Fossil.json (64%)
 rewrite tools/stacked_area_chart/Nuclear.json (63%)
 rewrite tools/stacked_area_chart/Renewables.json (66%)
remote: This repository moved. Please use the new location:        
remote:   git@github.com:KowComical/CM_Power_Website.git        
remote: To git@github.com:kowcomical/CM_Power_Website.git
   605c0c2..e358e88  master -> master
Changes pulled and pushed successfully.
