Already up-to-date.
[master 3e080d8] Automated commit
 172 files changed, 5195 insertions(+), 4945 deletions(-)
 create mode 100644 log/daily_process/2023/11/nohup-2023-11-10.out
 rewrite tools/line_chart/fossil.json (62%)
 rewrite tools/line_chart/gas.json (62%)
 rewrite tools/line_chart/hydro.json (65%)
 rewrite tools/line_chart/other.json (63%)
 rewrite tools/line_chart/renewables.json (62%)
 rewrite tools/line_chart/solar.json (60%)
 rewrite tools/line_chart/total.json (66%)
 rewrite tools/line_chart/wind.json (63%)
 rewrite tools/stacked_area_chart/Fossil.json (66%)
 rewrite tools/stacked_area_chart/Nuclear.json (65%)
 rewrite tools/stacked_area_chart/Renewables.json (66%)
remote: This repository moved. Please use the new location:        
remote:   git@github.com:KowComical/CM_Power_Website.git        
remote: To git@github.com:kowcomical/CM_Power_Website.git
   4ec6462..3e080d8  master -> master
Changes pulled and pushed successfully.
