Already up-to-date.
[master 0989a9c] Automated commit
 171 files changed, 8291 insertions(+), 8059 deletions(-)
 create mode 100644 log/daily_process/2023/11/nohup-2023-11-02.out
 rewrite tools/line_chart/coal.json (60%)
 rewrite tools/line_chart/fossil.json (66%)
 rewrite tools/line_chart/gas.json (62%)
 rewrite tools/line_chart/hydro.json (65%)
 rewrite tools/line_chart/other.json (61%)
 rewrite tools/line_chart/renewables.json (69%)
 rewrite tools/line_chart/solar.json (61%)
 rewrite tools/line_chart/total.json (67%)
 rewrite tools/line_chart/wind.json (66%)
 rewrite tools/stacked_area_chart/Fossil.json (63%)
 rewrite tools/stacked_area_chart/Nuclear.json (64%)
 rewrite tools/stacked_area_chart/Renewables.json (62%)
remote: This repository moved. Please use the new location:        
remote:   git@github.com:KowComical/CM_Power_Website.git        
remote: To git@github.com:kowcomical/CM_Power_Website.git
   6e0c8a4..0989a9c  master -> master
Changes pulled and pushed successfully.
