Already up-to-date.
[master a876a8d] Automated commit
 172 files changed, 5301 insertions(+), 5084 deletions(-)
 create mode 100644 log/daily_process/2023/11/nohup-2023-11-14.out
 rewrite tools/line_chart/fossil.json (62%)
 rewrite tools/line_chart/gas.json (66%)
 rewrite tools/line_chart/hydro.json (65%)
 rewrite tools/line_chart/other.json (62%)
 rewrite tools/line_chart/renewables.json (69%)
 rewrite tools/line_chart/solar.json (61%)
 rewrite tools/line_chart/total.json (66%)
 rewrite tools/line_chart/wind.json (64%)
 rewrite tools/stacked_area_chart/Fossil.json (65%)
 rewrite tools/stacked_area_chart/Nuclear.json (66%)
 rewrite tools/stacked_area_chart/Renewables.json (66%)
remote: This repository moved. Please use the new location:        
remote:   git@github.com:KowComical/CM_Power_Website.git        
remote: To git@github.com:kowcomical/CM_Power_Website.git
   06693a3..a876a8d  master -> master
Changes pulled and pushed successfully.
