Already up-to-date.
[master 620efb1] Automated commit
 172 files changed, 4725 insertions(+), 4540 deletions(-)
 create mode 100644 log/daily_process/2023/11/nohup-2023-11-20.out
 rewrite tools/line_chart/coal.json (60%)
 rewrite tools/line_chart/fossil.json (62%)
 rewrite tools/line_chart/gas.json (60%)
 rewrite tools/line_chart/hydro.json (65%)
 rewrite tools/line_chart/other.json (62%)
 rewrite tools/line_chart/renewables.json (69%)
 rewrite tools/line_chart/total.json (66%)
 rewrite tools/line_chart/wind.json (67%)
 rewrite tools/stacked_area_chart/Fossil.json (64%)
 rewrite tools/stacked_area_chart/Nuclear.json (65%)
 rewrite tools/stacked_area_chart/Renewables.json (63%)
remote: This repository moved. Please use the new location:        
remote:   git@github.com:KowComical/CM_Power_Website.git        
remote: To git@github.com:kowcomical/CM_Power_Website.git
   f05a3bc..620efb1  master -> master
Changes pulled and pushed successfully.
