Already up-to-date.
[master f05a3bc] Automated commit
 171 files changed, 4956 insertions(+), 7771 deletions(-)
 create mode 100644 log/daily_process/2023/11/nohup-2023-11-19.out
 rewrite tools/line_chart/coal.json (65%)
 rewrite tools/line_chart/fossil.json (65%)
 rewrite tools/line_chart/gas.json (65%)
 rewrite tools/line_chart/hydro.json (64%)
 rewrite tools/line_chart/renewables.json (69%)
 rewrite tools/line_chart/solar.json (61%)
 rewrite tools/line_chart/total.json (67%)
 rewrite tools/line_chart/wind.json (67%)
 rewrite tools/stacked_area_chart/Fossil.json (64%)
 rewrite tools/stacked_area_chart/Nuclear.json (63%)
 rewrite tools/stacked_area_chart/Renewables.json (63%)
remote: This repository moved. Please use the new location:        
remote:   git@github.com:KowComical/CM_Power_Website.git        
remote: To git@github.com:kowcomical/CM_Power_Website.git
   c221368..f05a3bc  master -> master
Changes pulled and pushed successfully.
