Already up-to-date.
[master 6663455] Automated commit
 172 files changed, 9310 insertions(+), 8653 deletions(-)
 create mode 100644 log/daily_process/2023/11/nohup-2023-11-17.out
 rewrite tools/line_chart/fossil.json (69%)
 rewrite tools/line_chart/gas.json (65%)
 rewrite tools/line_chart/hydro.json (65%)
 rewrite tools/line_chart/other.json (65%)
 rewrite tools/line_chart/renewables.json (69%)
 rewrite tools/line_chart/solar.json (61%)
 rewrite tools/line_chart/total.json (67%)
 rewrite tools/line_chart/wind.json (66%)
 rewrite tools/stacked_area_chart/Fossil.json (65%)
 rewrite tools/stacked_area_chart/Nuclear.json (66%)
 rewrite tools/stacked_area_chart/Renewables.json (66%)
remote: This repository moved. Please use the new location:        
remote:   git@github.com:KowComical/CM_Power_Website.git        
remote: To git@github.com:kowcomical/CM_Power_Website.git
   03b3152..6663455  master -> master
Changes pulled and pushed successfully.
