Already up-to-date.
[master 8cd5a0d] Automated commit
 172 files changed, 6319 insertions(+), 9401 deletions(-)
 create mode 100644 log/daily_process/2023/11/nohup-2023-11-18.out
 rewrite tools/line_chart/coal.json (67%)
 rewrite tools/line_chart/fossil.json (65%)
 rewrite tools/line_chart/gas.json (65%)
 rewrite tools/line_chart/hydro.json (65%)
 rewrite tools/line_chart/other.json (61%)
 rewrite tools/line_chart/renewables.json (68%)
 rewrite tools/line_chart/solar.json (62%)
 rewrite tools/line_chart/total.json (64%)
 rewrite tools/line_chart/wind.json (66%)
 rewrite tools/stacked_area_chart/Fossil.json (64%)
 rewrite tools/stacked_area_chart/Nuclear.json (64%)
 rewrite tools/stacked_area_chart/Renewables.json (65%)
remote: This repository moved. Please use the new location:        
remote:   git@github.com:KowComical/CM_Power_Website.git        
remote: To git@github.com:kowcomical/CM_Power_Website.git
   6663455..8cd5a0d  master -> master
Changes pulled and pushed successfully.
