Already up-to-date.
[master 605c0c2] Automated commit
 171 files changed, 5667 insertions(+), 5160 deletions(-)
 create mode 100644 log/daily_process/2023/11/nohup-2023-11-11.out
 rewrite tools/line_chart/fossil.json (62%)
 rewrite tools/line_chart/gas.json (62%)
 rewrite tools/line_chart/hydro.json (65%)
 rewrite tools/line_chart/oil.json (60%)
 rewrite tools/line_chart/other.json (63%)
 rewrite tools/line_chart/renewables.json (69%)
 rewrite tools/line_chart/solar.json (61%)
 rewrite tools/line_chart/total.json (60%)
 rewrite tools/line_chart/wind.json (67%)
 rewrite tools/stacked_area_chart/Fossil.json (65%)
 rewrite tools/stacked_area_chart/Nuclear.json (66%)
 rewrite tools/stacked_area_chart/Renewables.json (64%)
remote: This repository moved. Please use the new location:        
remote:   git@github.com:KowComical/CM_Power_Website.git        
remote: To git@github.com:kowcomical/CM_Power_Website.git
   25dde47..605c0c2  master -> master
Changes pulled and pushed successfully.
